[INFO  - 2019-10-18T13:52:06.834Z] GhostDriver - Main - running on port 57596
[INFO  - 2019-10-18T13:52:11.134Z] Session [7b9051d0-f1ae-11e9-9427-81d09031054f] - page.settings - {"XSSAuditingEnabled":false,"javascriptCanCloseWindows":true,"javascriptCanOpenWindows":true,"javascriptEnabled":true,"loadImages":false,"localToRemoteUrlAccessEnabled":false,"userAgent":"Mozilla/5.0 (Windows NT 6.1; WOW64) AppleWebKit/538.1 (KHTML, like Gecko) PhantomJS/2.1.1 Safari/538.1","webSecurityEnabled":true}
[INFO  - 2019-10-18T13:52:11.134Z] Session [7b9051d0-f1ae-11e9-9427-81d09031054f] - page.customHeaders:  - {}
[INFO  - 2019-10-18T13:52:11.134Z] Session [7b9051d0-f1ae-11e9-9427-81d09031054f] - Session.negotiatedCapabilities - {"browserName":"phantomjs","version":"2.1.1","driverName":"ghostdriver","driverVersion":"1.2.0","platform":"windows-7-32bit","javascriptEnabled":true,"takesScreenshot":true,"handlesAlerts":false,"databaseEnabled":false,"locationContextEnabled":false,"applicationCacheEnabled":false,"browserConnectionEnabled":false,"cssSelectorsEnabled":true,"webStorageEnabled":false,"rotatable":false,"acceptSslCerts":false,"nativeEvents":true,"proxy":{"proxyType":"direct"}}
[INFO  - 2019-10-18T13:52:11.134Z] SessionManagerReqHand - _postNewSessionCommand - New Session Created: 7b9051d0-f1ae-11e9-9427-81d09031054f
[ERROR - 2019-10-18T13:52:13.073Z] Session [7b9051d0-f1ae-11e9-9427-81d09031054f] - page.onError - msg: kg/combobox/6.2.7/index is not loaded! can not find module in path : https://g.alicdn.com/kg/??combobox/6.2.7/index-min.js,search-suggest/6.3.1/mods/local-query-min.js,search-suggest/6.3.1/mods/menu-min.js,search-suggest/6.3.1/tpl/cloud-min.js,search-suggest/6.3.1/mods/bts-min.js,uploader/6.2.13/index-min.js,uploader/6.2.13/plugins/auth/auth-min.js,uploader/6.2.13/plugins/filedrop/filedrop-min.js,search-suggest/6.3.1/mods/stat-min.js,uploader/6.2.13/theme-min.js

  phantomjs://platform/console++.js:263 in error
[ERROR - 2019-10-18T13:52:13.073Z] Session [7b9051d0-f1ae-11e9-9427-81d09031054f] - page.onError - stack:
  (anonymous function) (https://g.alicdn.com/??kissy/k/6.2.4/seed-min.js,kg/global-util/1.0.7/index-min.js,tb/tracker/4.3.12/index.js,kg/tb-nav/2.5.8/index-min.js,secdev/sufei_data/3.3.5/index.js:5)

  phantomjs://platform/console++.js:263 in error
[ERROR - 2019-10-18T13:52:13.073Z] Session [7b9051d0-f1ae-11e9-9427-81d09031054f] - page.onError - msg: kg/search-suggest/6.3.1/mods/local-query is not loaded! can not find module in path : https://g.alicdn.com/kg/??combobox/6.2.7/index-min.js,search-suggest/6.3.1/mods/local-query-min.js,search-suggest/6.3.1/mods/menu-min.js,search-suggest/6.3.1/tpl/cloud-min.js,search-suggest/6.3.1/mods/bts-min.js,uploader/6.2.13/index-min.js,uploader/6.2.13/plugins/auth/auth-min.js,uploader/6.2.13/plugins/filedrop/filedrop-min.js,search-suggest/6.3.1/mods/stat-min.js,uploader/6.2.13/theme-min.js

  phantomjs://platform/console++.js:263 in error
[ERROR - 2019-10-18T13:52:13.073Z] Session [7b9051d0-f1ae-11e9-9427-81d09031054f] - page.onError - stack:
  (anonymous function) (https://g.alicdn.com/??kissy/k/6.2.4/seed-min.js,kg/global-util/1.0.7/index-min.js,tb/tracker/4.3.12/index.js,kg/tb-nav/2.5.8/index-min.js,secdev/sufei_data/3.3.5/index.js:5)

  phantomjs://platform/console++.js:263 in error
[ERROR - 2019-10-18T13:52:13.074Z] Session [7b9051d0-f1ae-11e9-9427-81d09031054f] - page.onError - msg: kg/search-suggest/6.3.1/mods/menu is not loaded! can not find module in path : https://g.alicdn.com/kg/??combobox/6.2.7/index-min.js,search-suggest/6.3.1/mods/local-query-min.js,search-suggest/6.3.1/mods/menu-min.js,search-suggest/6.3.1/tpl/cloud-min.js,search-suggest/6.3.1/mods/bts-min.js,uploader/6.2.13/index-min.js,uploader/6.2.13/plugins/auth/auth-min.js,uploader/6.2.13/plugins/filedrop/filedrop-min.js,search-suggest/6.3.1/mods/stat-min.js,uploader/6.2.13/theme-min.js

  phantomjs://platform/console++.js:263 in error
[ERROR - 2019-10-18T13:52:13.074Z] Session [7b9051d0-f1ae-11e9-9427-81d09031054f] - page.onError - stack:
  (anonymous function) (https://g.alicdn.com/??kissy/k/6.2.4/seed-min.js,kg/global-util/1.0.7/index-min.js,tb/tracker/4.3.12/index.js,kg/tb-nav/2.5.8/index-min.js,secdev/sufei_data/3.3.5/index.js:5)

  phantomjs://platform/console++.js:263 in error
[ERROR - 2019-10-18T13:52:13.074Z] Session [7b9051d0-f1ae-11e9-9427-81d09031054f] - page.onError - msg: kg/search-suggest/6.3.1/tpl/cloud is not loaded! can not find module in path : https://g.alicdn.com/kg/??combobox/6.2.7/index-min.js,search-suggest/6.3.1/mods/local-query-min.js,search-suggest/6.3.1/mods/menu-min.js,search-suggest/6.3.1/tpl/cloud-min.js,search-suggest/6.3.1/mods/bts-min.js,uploader/6.2.13/index-min.js,uploader/6.2.13/plugins/auth/auth-min.js,uploader/6.2.13/plugins/filedrop/filedrop-min.js,search-suggest/6.3.1/mods/stat-min.js,uploader/6.2.13/theme-min.js

  phantomjs://platform/console++.js:263 in error
[ERROR - 2019-10-18T13:52:13.074Z] Session [7b9051d0-f1ae-11e9-9427-81d09031054f] - page.onError - stack:
  (anonymous function) (https://g.alicdn.com/??kissy/k/6.2.4/seed-min.js,kg/global-util/1.0.7/index-min.js,tb/tracker/4.3.12/index.js,kg/tb-nav/2.5.8/index-min.js,secdev/sufei_data/3.3.5/index.js:5)

  phantomjs://platform/console++.js:263 in error
[ERROR - 2019-10-18T13:52:13.074Z] Session [7b9051d0-f1ae-11e9-9427-81d09031054f] - page.onError - msg: kg/search-suggest/6.3.1/mods/bts is not loaded! can not find module in path : https://g.alicdn.com/kg/??combobox/6.2.7/index-min.js,search-suggest/6.3.1/mods/local-query-min.js,search-suggest/6.3.1/mods/menu-min.js,search-suggest/6.3.1/tpl/cloud-min.js,search-suggest/6.3.1/mods/bts-min.js,uploader/6.2.13/index-min.js,uploader/6.2.13/plugins/auth/auth-min.js,uploader/6.2.13/plugins/filedrop/filedrop-min.js,search-suggest/6.3.1/mods/stat-min.js,uploader/6.2.13/theme-min.js

  phantomjs://platform/console++.js:263 in error
[ERROR - 2019-10-18T13:52:13.074Z] Session [7b9051d0-f1ae-11e9-9427-81d09031054f] - page.onError - stack:
  (anonymous function) (https://g.alicdn.com/??kissy/k/6.2.4/seed-min.js,kg/global-util/1.0.7/index-min.js,tb/tracker/4.3.12/index.js,kg/tb-nav/2.5.8/index-min.js,secdev/sufei_data/3.3.5/index.js:5)

  phantomjs://platform/console++.js:263 in error
[ERROR - 2019-10-18T13:52:13.074Z] Session [7b9051d0-f1ae-11e9-9427-81d09031054f] - page.onError - msg: kg/uploader/6.2.13/index is not loaded! can not find module in path : https://g.alicdn.com/kg/??combobox/6.2.7/index-min.js,search-suggest/6.3.1/mods/local-query-min.js,search-suggest/6.3.1/mods/menu-min.js,search-suggest/6.3.1/tpl/cloud-min.js,search-suggest/6.3.1/mods/bts-min.js,uploader/6.2.13/index-min.js,uploader/6.2.13/plugins/auth/auth-min.js,uploader/6.2.13/plugins/filedrop/filedrop-min.js,search-suggest/6.3.1/mods/stat-min.js,uploader/6.2.13/theme-min.js

  phantomjs://platform/console++.js:263 in error
[ERROR - 2019-10-18T13:52:13.074Z] Session [7b9051d0-f1ae-11e9-9427-81d09031054f] - page.onError - stack:
  (anonymous function) (https://g.alicdn.com/??kissy/k/6.2.4/seed-min.js,kg/global-util/1.0.7/index-min.js,tb/tracker/4.3.12/index.js,kg/tb-nav/2.5.8/index-min.js,secdev/sufei_data/3.3.5/index.js:5)

  phantomjs://platform/console++.js:263 in error
[ERROR - 2019-10-18T13:52:13.074Z] Session [7b9051d0-f1ae-11e9-9427-81d09031054f] - page.onError - msg: kg/uploader/6.2.13/plugins/auth/auth is not loaded! can not find module in path : https://g.alicdn.com/kg/??combobox/6.2.7/index-min.js,search-suggest/6.3.1/mods/local-query-min.js,search-suggest/6.3.1/mods/menu-min.js,search-suggest/6.3.1/tpl/cloud-min.js,search-suggest/6.3.1/mods/bts-min.js,uploader/6.2.13/index-min.js,uploader/6.2.13/plugins/auth/auth-min.js,uploader/6.2.13/plugins/filedrop/filedrop-min.js,search-suggest/6.3.1/mods/stat-min.js,uploader/6.2.13/theme-min.js

  phantomjs://platform/console++.js:263 in error
[ERROR - 2019-10-18T13:52:13.074Z] Session [7b9051d0-f1ae-11e9-9427-81d09031054f] - page.onError - stack:
  (anonymous function) (https://g.alicdn.com/??kissy/k/6.2.4/seed-min.js,kg/global-util/1.0.7/index-min.js,tb/tracker/4.3.12/index.js,kg/tb-nav/2.5.8/index-min.js,secdev/sufei_data/3.3.5/index.js:5)

  phantomjs://platform/console++.js:263 in error
[ERROR - 2019-10-18T13:52:13.075Z] Session [7b9051d0-f1ae-11e9-9427-81d09031054f] - page.onError - msg: kg/uploader/6.2.13/plugins/filedrop/filedrop is not loaded! can not find module in path : https://g.alicdn.com/kg/??combobox/6.2.7/index-min.js,search-suggest/6.3.1/mods/local-query-min.js,search-suggest/6.3.1/mods/menu-min.js,search-suggest/6.3.1/tpl/cloud-min.js,search-suggest/6.3.1/mods/bts-min.js,uploader/6.2.13/index-min.js,uploader/6.2.13/plugins/auth/auth-min.js,uploader/6.2.13/plugins/filedrop/filedrop-min.js,search-suggest/6.3.1/mods/stat-min.js,uploader/6.2.13/theme-min.js

  phantomjs://platform/console++.js:263 in error
[ERROR - 2019-10-18T13:52:13.075Z] Session [7b9051d0-f1ae-11e9-9427-81d09031054f] - page.onError - stack:
  (anonymous function) (https://g.alicdn.com/??kissy/k/6.2.4/seed-min.js,kg/global-util/1.0.7/index-min.js,tb/tracker/4.3.12/index.js,kg/tb-nav/2.5.8/index-min.js,secdev/sufei_data/3.3.5/index.js:5)

  phantomjs://platform/console++.js:263 in error
[ERROR - 2019-10-18T13:52:13.075Z] Session [7b9051d0-f1ae-11e9-9427-81d09031054f] - page.onError - msg: kg/search-suggest/6.3.1/mods/stat is not loaded! can not find module in path : https://g.alicdn.com/kg/??combobox/6.2.7/index-min.js,search-suggest/6.3.1/mods/local-query-min.js,search-suggest/6.3.1/mods/menu-min.js,search-suggest/6.3.1/tpl/cloud-min.js,search-suggest/6.3.1/mods/bts-min.js,uploader/6.2.13/index-min.js,uploader/6.2.13/plugins/auth/auth-min.js,uploader/6.2.13/plugins/filedrop/filedrop-min.js,search-suggest/6.3.1/mods/stat-min.js,uploader/6.2.13/theme-min.js

  phantomjs://platform/console++.js:263 in error
[ERROR - 2019-10-18T13:52:13.075Z] Session [7b9051d0-f1ae-11e9-9427-81d09031054f] - page.onError - stack:
  (anonymous function) (https://g.alicdn.com/??kissy/k/6.2.4/seed-min.js,kg/global-util/1.0.7/index-min.js,tb/tracker/4.3.12/index.js,kg/tb-nav/2.5.8/index-min.js,secdev/sufei_data/3.3.5/index.js:5)

  phantomjs://platform/console++.js:263 in error
[ERROR - 2019-10-18T13:52:13.075Z] Session [7b9051d0-f1ae-11e9-9427-81d09031054f] - page.onError - msg: kg/uploader/6.2.13/theme is not loaded! can not find module in path : https://g.alicdn.com/kg/??combobox/6.2.7/index-min.js,search-suggest/6.3.1/mods/local-query-min.js,search-suggest/6.3.1/mods/menu-min.js,search-suggest/6.3.1/tpl/cloud-min.js,search-suggest/6.3.1/mods/bts-min.js,uploader/6.2.13/index-min.js,uploader/6.2.13/plugins/auth/auth-min.js,uploader/6.2.13/plugins/filedrop/filedrop-min.js,search-suggest/6.3.1/mods/stat-min.js,uploader/6.2.13/theme-min.js

  phantomjs://platform/console++.js:263 in error
[ERROR - 2019-10-18T13:52:13.075Z] Session [7b9051d0-f1ae-11e9-9427-81d09031054f] - page.onError - stack:
  (anonymous function) (https://g.alicdn.com/??kissy/k/6.2.4/seed-min.js,kg/global-util/1.0.7/index-min.js,tb/tracker/4.3.12/index.js,kg/tb-nav/2.5.8/index-min.js,secdev/sufei_data/3.3.5/index.js:5)

  phantomjs://platform/console++.js:263 in error
[ERROR - 2019-10-18T13:52:15.126Z] Session [7b9051d0-f1ae-11e9-9427-81d09031054f] - page.onError - msg: kg/home-2017/1.4.17/common/inject is not loaded! can not find module in path : https://g.alicdn.com/kg/??home-2017/1.4.17/common/inject-min.js,home-2017/1.4.17/c/shop/index-min.js,home-2017/1.4.17/c/sale/index-min.js,home-2017/1.4.17/c/live/index-min.js,home-2017/1.4.17/c/hotsale/index-min.js,home-2017/1.4.17/c/helper/index-min.js,home-2017/1.4.17/c/goods/index-min.js,home-2017/1.4.17/c/shopping/index-min.js,home-2017/1.4.17/c/qiang/index-min.js,home-2017/1.4.17/c/fashion/index-min.js,home-2017/1.4.17/c/quality/index-min.js,home-2017/1.4.17/c/afford/index-min.js

  phantomjs://platform/console++.js:263 in error
[ERROR - 2019-10-18T13:52:15.126Z] Session [7b9051d0-f1ae-11e9-9427-81d09031054f] - page.onError - stack:
  (anonymous function) (https://g.alicdn.com/??kissy/k/6.2.4/seed-min.js,kg/global-util/1.0.7/index-min.js,tb/tracker/4.3.12/index.js,kg/tb-nav/2.5.8/index-min.js,secdev/sufei_data/3.3.5/index.js:5)

  phantomjs://platform/console++.js:263 in error
[ERROR - 2019-10-18T13:52:15.126Z] Session [7b9051d0-f1ae-11e9-9427-81d09031054f] - page.onError - msg: kg/home-2017/1.4.17/c/shop/index is not loaded! can not find module in path : https://g.alicdn.com/kg/??home-2017/1.4.17/common/inject-min.js,home-2017/1.4.17/c/shop/index-min.js,home-2017/1.4.17/c/sale/index-min.js,home-2017/1.4.17/c/live/index-min.js,home-2017/1.4.17/c/hotsale/index-min.js,home-2017/1.4.17/c/helper/index-min.js,home-2017/1.4.17/c/goods/index-min.js,home-2017/1.4.17/c/shopping/index-min.js,home-2017/1.4.17/c/qiang/index-min.js,home-2017/1.4.17/c/fashion/index-min.js,home-2017/1.4.17/c/quality/index-min.js,home-2017/1.4.17/c/afford/index-min.js

  phantomjs://platform/console++.js:263 in error
[ERROR - 2019-10-18T13:52:15.127Z] Session [7b9051d0-f1ae-11e9-9427-81d09031054f] - page.onError - stack:
  (anonymous function) (https://g.alicdn.com/??kissy/k/6.2.4/seed-min.js,kg/global-util/1.0.7/index-min.js,tb/tracker/4.3.12/index.js,kg/tb-nav/2.5.8/index-min.js,secdev/sufei_data/3.3.5/index.js:5)

  phantomjs://platform/console++.js:263 in error
[ERROR - 2019-10-18T13:52:15.127Z] Session [7b9051d0-f1ae-11e9-9427-81d09031054f] - page.onError - msg: kg/home-2017/1.4.17/c/sale/index is not loaded! can not find module in path : https://g.alicdn.com/kg/??home-2017/1.4.17/common/inject-min.js,home-2017/1.4.17/c/shop/index-min.js,home-2017/1.4.17/c/sale/index-min.js,home-2017/1.4.17/c/live/index-min.js,home-2017/1.4.17/c/hotsale/index-min.js,home-2017/1.4.17/c/helper/index-min.js,home-2017/1.4.17/c/goods/index-min.js,home-2017/1.4.17/c/shopping/index-min.js,home-2017/1.4.17/c/qiang/index-min.js,home-2017/1.4.17/c/fashion/index-min.js,home-2017/1.4.17/c/quality/index-min.js,home-2017/1.4.17/c/afford/index-min.js

  phantomjs://platform/console++.js:263 in error
[ERROR - 2019-10-18T13:52:15.127Z] Session [7b9051d0-f1ae-11e9-9427-81d09031054f] - page.onError - stack:
  (anonymous function) (https://g.alicdn.com/??kissy/k/6.2.4/seed-min.js,kg/global-util/1.0.7/index-min.js,tb/tracker/4.3.12/index.js,kg/tb-nav/2.5.8/index-min.js,secdev/sufei_data/3.3.5/index.js:5)

  phantomjs://platform/console++.js:263 in error
[ERROR - 2019-10-18T13:52:15.127Z] Session [7b9051d0-f1ae-11e9-9427-81d09031054f] - page.onError - msg: kg/home-2017/1.4.17/c/live/index is not loaded! can not find module in path : https://g.alicdn.com/kg/??home-2017/1.4.17/common/inject-min.js,home-2017/1.4.17/c/shop/index-min.js,home-2017/1.4.17/c/sale/index-min.js,home-2017/1.4.17/c/live/index-min.js,home-2017/1.4.17/c/hotsale/index-min.js,home-2017/1.4.17/c/helper/index-min.js,home-2017/1.4.17/c/goods/index-min.js,home-2017/1.4.17/c/shopping/index-min.js,home-2017/1.4.17/c/qiang/index-min.js,home-2017/1.4.17/c/fashion/index-min.js,home-2017/1.4.17/c/quality/index-min.js,home-2017/1.4.17/c/afford/index-min.js

  phantomjs://platform/console++.js:263 in error
[ERROR - 2019-10-18T13:52:15.127Z] Session [7b9051d0-f1ae-11e9-9427-81d09031054f] - page.onError - stack:
  (anonymous function) (https://g.alicdn.com/??kissy/k/6.2.4/seed-min.js,kg/global-util/1.0.7/index-min.js,tb/tracker/4.3.12/index.js,kg/tb-nav/2.5.8/index-min.js,secdev/sufei_data/3.3.5/index.js:5)

  phantomjs://platform/console++.js:263 in error
[ERROR - 2019-10-18T13:52:15.127Z] Session [7b9051d0-f1ae-11e9-9427-81d09031054f] - page.onError - msg: kg/home-2017/1.4.17/c/hotsale/index is not loaded! can not find module in path : https://g.alicdn.com/kg/??home-2017/1.4.17/common/inject-min.js,home-2017/1.4.17/c/shop/index-min.js,home-2017/1.4.17/c/sale/index-min.js,home-2017/1.4.17/c/live/index-min.js,home-2017/1.4.17/c/hotsale/index-min.js,home-2017/1.4.17/c/helper/index-min.js,home-2017/1.4.17/c/goods/index-min.js,home-2017/1.4.17/c/shopping/index-min.js,home-2017/1.4.17/c/qiang/index-min.js,home-2017/1.4.17/c/fashion/index-min.js,home-2017/1.4.17/c/quality/index-min.js,home-2017/1.4.17/c/afford/index-min.js

  phantomjs://platform/console++.js:263 in error
[ERROR - 2019-10-18T13:52:15.128Z] Session [7b9051d0-f1ae-11e9-9427-81d09031054f] - page.onError - stack:
  (anonymous function) (https://g.alicdn.com/??kissy/k/6.2.4/seed-min.js,kg/global-util/1.0.7/index-min.js,tb/tracker/4.3.12/index.js,kg/tb-nav/2.5.8/index-min.js,secdev/sufei_data/3.3.5/index.js:5)

  phantomjs://platform/console++.js:263 in error
[ERROR - 2019-10-18T13:52:15.128Z] Session [7b9051d0-f1ae-11e9-9427-81d09031054f] - page.onError - msg: kg/home-2017/1.4.17/c/helper/index is not loaded! can not find module in path : https://g.alicdn.com/kg/??home-2017/1.4.17/common/inject-min.js,home-2017/1.4.17/c/shop/index-min.js,home-2017/1.4.17/c/sale/index-min.js,home-2017/1.4.17/c/live/index-min.js,home-2017/1.4.17/c/hotsale/index-min.js,home-2017/1.4.17/c/helper/index-min.js,home-2017/1.4.17/c/goods/index-min.js,home-2017/1.4.17/c/shopping/index-min.js,home-2017/1.4.17/c/qiang/index-min.js,home-2017/1.4.17/c/fashion/index-min.js,home-2017/1.4.17/c/quality/index-min.js,home-2017/1.4.17/c/afford/index-min.js

  phantomjs://platform/console++.js:263 in error
[ERROR - 2019-10-18T13:52:15.128Z] Session [7b9051d0-f1ae-11e9-9427-81d09031054f] - page.onError - stack:
  (anonymous function) (https://g.alicdn.com/??kissy/k/6.2.4/seed-min.js,kg/global-util/1.0.7/index-min.js,tb/tracker/4.3.12/index.js,kg/tb-nav/2.5.8/index-min.js,secdev/sufei_data/3.3.5/index.js:5)

  phantomjs://platform/console++.js:263 in error
[ERROR - 2019-10-18T13:52:15.128Z] Session [7b9051d0-f1ae-11e9-9427-81d09031054f] - page.onError - msg: kg/home-2017/1.4.17/c/goods/index is not loaded! can not find module in path : https://g.alicdn.com/kg/??home-2017/1.4.17/common/inject-min.js,home-2017/1.4.17/c/shop/index-min.js,home-2017/1.4.17/c/sale/index-min.js,home-2017/1.4.17/c/live/index-min.js,home-2017/1.4.17/c/hotsale/index-min.js,home-2017/1.4.17/c/helper/index-min.js,home-2017/1.4.17/c/goods/index-min.js,home-2017/1.4.17/c/shopping/index-min.js,home-2017/1.4.17/c/qiang/index-min.js,home-2017/1.4.17/c/fashion/index-min.js,home-2017/1.4.17/c/quality/index-min.js,home-2017/1.4.17/c/afford/index-min.js

  phantomjs://platform/console++.js:263 in error
[ERROR - 2019-10-18T13:52:15.128Z] Session [7b9051d0-f1ae-11e9-9427-81d09031054f] - page.onError - stack:
  (anonymous function) (https://g.alicdn.com/??kissy/k/6.2.4/seed-min.js,kg/global-util/1.0.7/index-min.js,tb/tracker/4.3.12/index.js,kg/tb-nav/2.5.8/index-min.js,secdev/sufei_data/3.3.5/index.js:5)

  phantomjs://platform/console++.js:263 in error
[ERROR - 2019-10-18T13:52:15.128Z] Session [7b9051d0-f1ae-11e9-9427-81d09031054f] - page.onError - msg: kg/home-2017/1.4.17/c/shopping/index is not loaded! can not find module in path : https://g.alicdn.com/kg/??home-2017/1.4.17/common/inject-min.js,home-2017/1.4.17/c/shop/index-min.js,home-2017/1.4.17/c/sale/index-min.js,home-2017/1.4.17/c/live/index-min.js,home-2017/1.4.17/c/hotsale/index-min.js,home-2017/1.4.17/c/helper/index-min.js,home-2017/1.4.17/c/goods/index-min.js,home-2017/1.4.17/c/shopping/index-min.js,home-2017/1.4.17/c/qiang/index-min.js,home-2017/1.4.17/c/fashion/index-min.js,home-2017/1.4.17/c/quality/index-min.js,home-2017/1.4.17/c/afford/index-min.js

  phantomjs://platform/console++.js:263 in error
[ERROR - 2019-10-18T13:52:15.129Z] Session [7b9051d0-f1ae-11e9-9427-81d09031054f] - page.onError - stack:
  (anonymous function) (https://g.alicdn.com/??kissy/k/6.2.4/seed-min.js,kg/global-util/1.0.7/index-min.js,tb/tracker/4.3.12/index.js,kg/tb-nav/2.5.8/index-min.js,secdev/sufei_data/3.3.5/index.js:5)

  phantomjs://platform/console++.js:263 in error
[ERROR - 2019-10-18T13:52:15.129Z] Session [7b9051d0-f1ae-11e9-9427-81d09031054f] - page.onError - msg: kg/home-2017/1.4.17/c/qiang/index is not loaded! can not find module in path : https://g.alicdn.com/kg/??home-2017/1.4.17/common/inject-min.js,home-2017/1.4.17/c/shop/index-min.js,home-2017/1.4.17/c/sale/index-min.js,home-2017/1.4.17/c/live/index-min.js,home-2017/1.4.17/c/hotsale/index-min.js,home-2017/1.4.17/c/helper/index-min.js,home-2017/1.4.17/c/goods/index-min.js,home-2017/1.4.17/c/shopping/index-min.js,home-2017/1.4.17/c/qiang/index-min.js,home-2017/1.4.17/c/fashion/index-min.js,home-2017/1.4.17/c/quality/index-min.js,home-2017/1.4.17/c/afford/index-min.js

  phantomjs://platform/console++.js:263 in error
[ERROR - 2019-10-18T13:52:15.129Z] Session [7b9051d0-f1ae-11e9-9427-81d09031054f] - page.onError - stack:
  (anonymous function) (https://g.alicdn.com/??kissy/k/6.2.4/seed-min.js,kg/global-util/1.0.7/index-min.js,tb/tracker/4.3.12/index.js,kg/tb-nav/2.5.8/index-min.js,secdev/sufei_data/3.3.5/index.js:5)

  phantomjs://platform/console++.js:263 in error
[ERROR - 2019-10-18T13:52:15.129Z] Session [7b9051d0-f1ae-11e9-9427-81d09031054f] - page.onError - msg: kg/home-2017/1.4.17/c/fashion/index is not loaded! can not find module in path : https://g.alicdn.com/kg/??home-2017/1.4.17/common/inject-min.js,home-2017/1.4.17/c/shop/index-min.js,home-2017/1.4.17/c/sale/index-min.js,home-2017/1.4.17/c/live/index-min.js,home-2017/1.4.17/c/hotsale/index-min.js,home-2017/1.4.17/c/helper/index-min.js,home-2017/1.4.17/c/goods/index-min.js,home-2017/1.4.17/c/shopping/index-min.js,home-2017/1.4.17/c/qiang/index-min.js,home-2017/1.4.17/c/fashion/index-min.js,home-2017/1.4.17/c/quality/index-min.js,home-2017/1.4.17/c/afford/index-min.js

  phantomjs://platform/console++.js:263 in error
[ERROR - 2019-10-18T13:52:15.129Z] Session [7b9051d0-f1ae-11e9-9427-81d09031054f] - page.onError - stack:
  (anonymous function) (https://g.alicdn.com/??kissy/k/6.2.4/seed-min.js,kg/global-util/1.0.7/index-min.js,tb/tracker/4.3.12/index.js,kg/tb-nav/2.5.8/index-min.js,secdev/sufei_data/3.3.5/index.js:5)

  phantomjs://platform/console++.js:263 in error
[ERROR - 2019-10-18T13:52:15.129Z] Session [7b9051d0-f1ae-11e9-9427-81d09031054f] - page.onError - msg: kg/home-2017/1.4.17/c/quality/index is not loaded! can not find module in path : https://g.alicdn.com/kg/??home-2017/1.4.17/common/inject-min.js,home-2017/1.4.17/c/shop/index-min.js,home-2017/1.4.17/c/sale/index-min.js,home-2017/1.4.17/c/live/index-min.js,home-2017/1.4.17/c/hotsale/index-min.js,home-2017/1.4.17/c/helper/index-min.js,home-2017/1.4.17/c/goods/index-min.js,home-2017/1.4.17/c/shopping/index-min.js,home-2017/1.4.17/c/qiang/index-min.js,home-2017/1.4.17/c/fashion/index-min.js,home-2017/1.4.17/c/quality/index-min.js,home-2017/1.4.17/c/afford/index-min.js

  phantomjs://platform/console++.js:263 in error
[ERROR - 2019-10-18T13:52:15.130Z] Session [7b9051d0-f1ae-11e9-9427-81d09031054f] - page.onError - stack:
  (anonymous function) (https://g.alicdn.com/??kissy/k/6.2.4/seed-min.js,kg/global-util/1.0.7/index-min.js,tb/tracker/4.3.12/index.js,kg/tb-nav/2.5.8/index-min.js,secdev/sufei_data/3.3.5/index.js:5)

  phantomjs://platform/console++.js:263 in error
[ERROR - 2019-10-18T13:52:15.130Z] Session [7b9051d0-f1ae-11e9-9427-81d09031054f] - page.onError - msg: kg/home-2017/1.4.17/c/afford/index is not loaded! can not find module in path : https://g.alicdn.com/kg/??home-2017/1.4.17/common/inject-min.js,home-2017/1.4.17/c/shop/index-min.js,home-2017/1.4.17/c/sale/index-min.js,home-2017/1.4.17/c/live/index-min.js,home-2017/1.4.17/c/hotsale/index-min.js,home-2017/1.4.17/c/helper/index-min.js,home-2017/1.4.17/c/goods/index-min.js,home-2017/1.4.17/c/shopping/index-min.js,home-2017/1.4.17/c/qiang/index-min.js,home-2017/1.4.17/c/fashion/index-min.js,home-2017/1.4.17/c/quality/index-min.js,home-2017/1.4.17/c/afford/index-min.js

  phantomjs://platform/console++.js:263 in error
[ERROR - 2019-10-18T13:52:15.130Z] Session [7b9051d0-f1ae-11e9-9427-81d09031054f] - page.onError - stack:
  (anonymous function) (https://g.alicdn.com/??kissy/k/6.2.4/seed-min.js,kg/global-util/1.0.7/index-min.js,tb/tracker/4.3.12/index.js,kg/tb-nav/2.5.8/index-min.js,secdev/sufei_data/3.3.5/index.js:5)

  phantomjs://platform/console++.js:263 in error
[ERROR - 2019-10-18T13:52:19.639Z] WebElementLocator - _handleLocateCommand - Element(s) NOT Found: GAVE UP. Search Stop Time: 1571406739606

  phantomjs://platform/console++.js:263 in error
[ERROR - 2019-10-18T13:52:20.558Z] WebElementLocator - _handleLocateCommand - Element(s) NOT Found: GAVE UP. Search Stop Time: 1571406740520

  phantomjs://platform/console++.js:263 in error
[ERROR - 2019-10-18T13:52:21.430Z] WebElementLocator - _handleLocateCommand - Element(s) NOT Found: GAVE UP. Search Stop Time: 1571406741425

  phantomjs://platform/console++.js:263 in error
[ERROR - 2019-10-18T13:52:22.335Z] WebElementLocator - _handleLocateCommand - Element(s) NOT Found: GAVE UP. Search Stop Time: 1571406742293

  phantomjs://platform/console++.js:263 in error
[ERROR - 2019-10-18T13:52:23.210Z] WebElementLocator - _handleLocateCommand - Element(s) NOT Found: GAVE UP. Search Stop Time: 1571406743192

  phantomjs://platform/console++.js:263 in error
[ERROR - 2019-10-18T13:52:24.088Z] WebElementLocator - _handleLocateCommand - Element(s) NOT Found: GAVE UP. Search Stop Time: 1571406744085

  phantomjs://platform/console++.js:263 in error
[ERROR - 2019-10-18T13:52:24.984Z] WebElementLocator - _handleLocateCommand - Element(s) NOT Found: GAVE UP. Search Stop Time: 1571406744929

  phantomjs://platform/console++.js:263 in error
[ERROR - 2019-10-18T13:52:25.870Z] WebElementLocator - _handleLocateCommand - Element(s) NOT Found: GAVE UP. Search Stop Time: 1571406745837

  phantomjs://platform/console++.js:263 in error
[ERROR - 2019-10-18T13:52:26.746Z] WebElementLocator - _handleLocateCommand - Element(s) NOT Found: GAVE UP. Search Stop Time: 1571406746721

  phantomjs://platform/console++.js:263 in error
[ERROR - 2019-10-18T13:52:27.633Z] WebElementLocator - _handleLocateCommand - Element(s) NOT Found: GAVE UP. Search Stop Time: 1571406747600

  phantomjs://platform/console++.js:263 in error
[ERROR - 2019-10-18T13:52:28.523Z] WebElementLocator - _handleLocateCommand - Element(s) NOT Found: GAVE UP. Search Stop Time: 1571406748483

  phantomjs://platform/console++.js:263 in error
[ERROR - 2019-10-18T13:52:29.405Z] WebElementLocator - _handleLocateCommand - Element(s) NOT Found: GAVE UP. Search Stop Time: 1571406749394

  phantomjs://platform/console++.js:263 in error
[ERROR - 2019-10-18T13:52:31.059Z] Session [7b9051d0-f1ae-11e9-9427-81d09031054f] - page.onError - msg: kg/search-suggest/6.3.1/theme/pailitao/index.css is not loaded! can not find module in path : https://g.alicdn.com/kg/??search-suggest/6.3.1/theme/pailitao/index-min.css

  phantomjs://platform/console++.js:263 in error
[ERROR - 2019-10-18T13:52:31.059Z] Session [7b9051d0-f1ae-11e9-9427-81d09031054f] - page.onError - stack:
  (anonymous function) (https://g.alicdn.com/??kissy/k/6.2.4/seed-min.js,kg/global-util/1.0.7/index-min.js,tb/tracker/4.3.12/index.js,kg/tb-nav/2.5.8/index-min.js,secdev/sufei_data/3.3.5/index.js:5)

  phantomjs://platform/console++.js:263 in error
[ERROR - 2019-10-18T13:52:32.769Z] Session [7b9051d0-f1ae-11e9-9427-81d09031054f] - page.onError - msg: kg/home-2017/1.4.17/common/inject is not loaded! can not find module in path : https://g.alicdn.com/kg/??home-2017/1.4.17/common/inject-min.js,home-2017/1.4.17/c/shop/index-min.js,home-2017/1.4.17/c/sale/index-min.js,home-2017/1.4.17/c/live/index-min.js,home-2017/1.4.17/c/hotsale/index-min.js,home-2017/1.4.17/c/helper/index-min.js,home-2017/1.4.17/c/goods/index-min.js,home-2017/1.4.17/c/shopping/index-min.js,home-2017/1.4.17/c/qiang/index-min.js,home-2017/1.4.17/c/fashion/index-min.js,home-2017/1.4.17/c/quality/index-min.js,home-2017/1.4.17/c/afford/index-min.js

  phantomjs://platform/console++.js:263 in error
[ERROR - 2019-10-18T13:52:32.769Z] Session [7b9051d0-f1ae-11e9-9427-81d09031054f] - page.onError - stack:
  (anonymous function) (https://g.alicdn.com/??kissy/k/6.2.4/seed-min.js,kg/global-util/1.0.7/index-min.js,tb/tracker/4.3.12/index.js,kg/tb-nav/2.5.8/index-min.js,secdev/sufei_data/3.3.5/index.js:5)

  phantomjs://platform/console++.js:263 in error
[ERROR - 2019-10-18T13:52:32.769Z] Session [7b9051d0-f1ae-11e9-9427-81d09031054f] - page.onError - msg: kg/home-2017/1.4.17/c/shop/index is not loaded! can not find module in path : https://g.alicdn.com/kg/??home-2017/1.4.17/common/inject-min.js,home-2017/1.4.17/c/shop/index-min.js,home-2017/1.4.17/c/sale/index-min.js,home-2017/1.4.17/c/live/index-min.js,home-2017/1.4.17/c/hotsale/index-min.js,home-2017/1.4.17/c/helper/index-min.js,home-2017/1.4.17/c/goods/index-min.js,home-2017/1.4.17/c/shopping/index-min.js,home-2017/1.4.17/c/qiang/index-min.js,home-2017/1.4.17/c/fashion/index-min.js,home-2017/1.4.17/c/quality/index-min.js,home-2017/1.4.17/c/afford/index-min.js

  phantomjs://platform/console++.js:263 in error
[ERROR - 2019-10-18T13:52:32.769Z] Session [7b9051d0-f1ae-11e9-9427-81d09031054f] - page.onError - stack:
  (anonymous function) (https://g.alicdn.com/??kissy/k/6.2.4/seed-min.js,kg/global-util/1.0.7/index-min.js,tb/tracker/4.3.12/index.js,kg/tb-nav/2.5.8/index-min.js,secdev/sufei_data/3.3.5/index.js:5)

  phantomjs://platform/console++.js:263 in error
[ERROR - 2019-10-18T13:52:32.769Z] Session [7b9051d0-f1ae-11e9-9427-81d09031054f] - page.onError - msg: kg/home-2017/1.4.17/c/sale/index is not loaded! can not find module in path : https://g.alicdn.com/kg/??home-2017/1.4.17/common/inject-min.js,home-2017/1.4.17/c/shop/index-min.js,home-2017/1.4.17/c/sale/index-min.js,home-2017/1.4.17/c/live/index-min.js,home-2017/1.4.17/c/hotsale/index-min.js,home-2017/1.4.17/c/helper/index-min.js,home-2017/1.4.17/c/goods/index-min.js,home-2017/1.4.17/c/shopping/index-min.js,home-2017/1.4.17/c/qiang/index-min.js,home-2017/1.4.17/c/fashion/index-min.js,home-2017/1.4.17/c/quality/index-min.js,home-2017/1.4.17/c/afford/index-min.js

  phantomjs://platform/console++.js:263 in error
[ERROR - 2019-10-18T13:52:32.769Z] Session [7b9051d0-f1ae-11e9-9427-81d09031054f] - page.onError - stack:
  (anonymous function) (https://g.alicdn.com/??kissy/k/6.2.4/seed-min.js,kg/global-util/1.0.7/index-min.js,tb/tracker/4.3.12/index.js,kg/tb-nav/2.5.8/index-min.js,secdev/sufei_data/3.3.5/index.js:5)

  phantomjs://platform/console++.js:263 in error
[ERROR - 2019-10-18T13:52:32.769Z] Session [7b9051d0-f1ae-11e9-9427-81d09031054f] - page.onError - msg: kg/home-2017/1.4.17/c/live/index is not loaded! can not find module in path : https://g.alicdn.com/kg/??home-2017/1.4.17/common/inject-min.js,home-2017/1.4.17/c/shop/index-min.js,home-2017/1.4.17/c/sale/index-min.js,home-2017/1.4.17/c/live/index-min.js,home-2017/1.4.17/c/hotsale/index-min.js,home-2017/1.4.17/c/helper/index-min.js,home-2017/1.4.17/c/goods/index-min.js,home-2017/1.4.17/c/shopping/index-min.js,home-2017/1.4.17/c/qiang/index-min.js,home-2017/1.4.17/c/fashion/index-min.js,home-2017/1.4.17/c/quality/index-min.js,home-2017/1.4.17/c/afford/index-min.js

  phantomjs://platform/console++.js:263 in error
[ERROR - 2019-10-18T13:52:32.769Z] Session [7b9051d0-f1ae-11e9-9427-81d09031054f] - page.onError - stack:
  (anonymous function) (https://g.alicdn.com/??kissy/k/6.2.4/seed-min.js,kg/global-util/1.0.7/index-min.js,tb/tracker/4.3.12/index.js,kg/tb-nav/2.5.8/index-min.js,secdev/sufei_data/3.3.5/index.js:5)

  phantomjs://platform/console++.js:263 in error
[ERROR - 2019-10-18T13:52:32.770Z] Session [7b9051d0-f1ae-11e9-9427-81d09031054f] - page.onError - msg: kg/home-2017/1.4.17/c/hotsale/index is not loaded! can not find module in path : https://g.alicdn.com/kg/??home-2017/1.4.17/common/inject-min.js,home-2017/1.4.17/c/shop/index-min.js,home-2017/1.4.17/c/sale/index-min.js,home-2017/1.4.17/c/live/index-min.js,home-2017/1.4.17/c/hotsale/index-min.js,home-2017/1.4.17/c/helper/index-min.js,home-2017/1.4.17/c/goods/index-min.js,home-2017/1.4.17/c/shopping/index-min.js,home-2017/1.4.17/c/qiang/index-min.js,home-2017/1.4.17/c/fashion/index-min.js,home-2017/1.4.17/c/quality/index-min.js,home-2017/1.4.17/c/afford/index-min.js

  phantomjs://platform/console++.js:263 in error
[ERROR - 2019-10-18T13:52:32.770Z] Session [7b9051d0-f1ae-11e9-9427-81d09031054f] - page.onError - stack:
  (anonymous function) (https://g.alicdn.com/??kissy/k/6.2.4/seed-min.js,kg/global-util/1.0.7/index-min.js,tb/tracker/4.3.12/index.js,kg/tb-nav/2.5.8/index-min.js,secdev/sufei_data/3.3.5/index.js:5)

  phantomjs://platform/console++.js:263 in error
[ERROR - 2019-10-18T13:52:32.770Z] Session [7b9051d0-f1ae-11e9-9427-81d09031054f] - page.onError - msg: kg/home-2017/1.4.17/c/helper/index is not loaded! can not find module in path : https://g.alicdn.com/kg/??home-2017/1.4.17/common/inject-min.js,home-2017/1.4.17/c/shop/index-min.js,home-2017/1.4.17/c/sale/index-min.js,home-2017/1.4.17/c/live/index-min.js,home-2017/1.4.17/c/hotsale/index-min.js,home-2017/1.4.17/c/helper/index-min.js,home-2017/1.4.17/c/goods/index-min.js,home-2017/1.4.17/c/shopping/index-min.js,home-2017/1.4.17/c/qiang/index-min.js,home-2017/1.4.17/c/fashion/index-min.js,home-2017/1.4.17/c/quality/index-min.js,home-2017/1.4.17/c/afford/index-min.js

  phantomjs://platform/console++.js:263 in error
[ERROR - 2019-10-18T13:52:32.770Z] Session [7b9051d0-f1ae-11e9-9427-81d09031054f] - page.onError - stack:
  (anonymous function) (https://g.alicdn.com/??kissy/k/6.2.4/seed-min.js,kg/global-util/1.0.7/index-min.js,tb/tracker/4.3.12/index.js,kg/tb-nav/2.5.8/index-min.js,secdev/sufei_data/3.3.5/index.js:5)

  phantomjs://platform/console++.js:263 in error
[ERROR - 2019-10-18T13:52:32.770Z] Session [7b9051d0-f1ae-11e9-9427-81d09031054f] - page.onError - msg: kg/home-2017/1.4.17/c/goods/index is not loaded! can not find module in path : https://g.alicdn.com/kg/??home-2017/1.4.17/common/inject-min.js,home-2017/1.4.17/c/shop/index-min.js,home-2017/1.4.17/c/sale/index-min.js,home-2017/1.4.17/c/live/index-min.js,home-2017/1.4.17/c/hotsale/index-min.js,home-2017/1.4.17/c/helper/index-min.js,home-2017/1.4.17/c/goods/index-min.js,home-2017/1.4.17/c/shopping/index-min.js,home-2017/1.4.17/c/qiang/index-min.js,home-2017/1.4.17/c/fashion/index-min.js,home-2017/1.4.17/c/quality/index-min.js,home-2017/1.4.17/c/afford/index-min.js

  phantomjs://platform/console++.js:263 in error
[ERROR - 2019-10-18T13:52:32.770Z] Session [7b9051d0-f1ae-11e9-9427-81d09031054f] - page.onError - stack:
  (anonymous function) (https://g.alicdn.com/??kissy/k/6.2.4/seed-min.js,kg/global-util/1.0.7/index-min.js,tb/tracker/4.3.12/index.js,kg/tb-nav/2.5.8/index-min.js,secdev/sufei_data/3.3.5/index.js:5)

  phantomjs://platform/console++.js:263 in error
[ERROR - 2019-10-18T13:52:32.770Z] Session [7b9051d0-f1ae-11e9-9427-81d09031054f] - page.onError - msg: kg/home-2017/1.4.17/c/shopping/index is not loaded! can not find module in path : https://g.alicdn.com/kg/??home-2017/1.4.17/common/inject-min.js,home-2017/1.4.17/c/shop/index-min.js,home-2017/1.4.17/c/sale/index-min.js,home-2017/1.4.17/c/live/index-min.js,home-2017/1.4.17/c/hotsale/index-min.js,home-2017/1.4.17/c/helper/index-min.js,home-2017/1.4.17/c/goods/index-min.js,home-2017/1.4.17/c/shopping/index-min.js,home-2017/1.4.17/c/qiang/index-min.js,home-2017/1.4.17/c/fashion/index-min.js,home-2017/1.4.17/c/quality/index-min.js,home-2017/1.4.17/c/afford/index-min.js

  phantomjs://platform/console++.js:263 in error
[ERROR - 2019-10-18T13:52:32.770Z] Session [7b9051d0-f1ae-11e9-9427-81d09031054f] - page.onError - stack:
  (anonymous function) (https://g.alicdn.com/??kissy/k/6.2.4/seed-min.js,kg/global-util/1.0.7/index-min.js,tb/tracker/4.3.12/index.js,kg/tb-nav/2.5.8/index-min.js,secdev/sufei_data/3.3.5/index.js:5)

  phantomjs://platform/console++.js:263 in error
[ERROR - 2019-10-18T13:52:32.770Z] Session [7b9051d0-f1ae-11e9-9427-81d09031054f] - page.onError - msg: kg/home-2017/1.4.17/c/qiang/index is not loaded! can not find module in path : https://g.alicdn.com/kg/??home-2017/1.4.17/common/inject-min.js,home-2017/1.4.17/c/shop/index-min.js,home-2017/1.4.17/c/sale/index-min.js,home-2017/1.4.17/c/live/index-min.js,home-2017/1.4.17/c/hotsale/index-min.js,home-2017/1.4.17/c/helper/index-min.js,home-2017/1.4.17/c/goods/index-min.js,home-2017/1.4.17/c/shopping/index-min.js,home-2017/1.4.17/c/qiang/index-min.js,home-2017/1.4.17/c/fashion/index-min.js,home-2017/1.4.17/c/quality/index-min.js,home-2017/1.4.17/c/afford/index-min.js

  phantomjs://platform/console++.js:263 in error
[ERROR - 2019-10-18T13:52:32.770Z] Session [7b9051d0-f1ae-11e9-9427-81d09031054f] - page.onError - stack:
  (anonymous function) (https://g.alicdn.com/??kissy/k/6.2.4/seed-min.js,kg/global-util/1.0.7/index-min.js,tb/tracker/4.3.12/index.js,kg/tb-nav/2.5.8/index-min.js,secdev/sufei_data/3.3.5/index.js:5)

  phantomjs://platform/console++.js:263 in error
[ERROR - 2019-10-18T13:52:32.770Z] Session [7b9051d0-f1ae-11e9-9427-81d09031054f] - page.onError - msg: kg/home-2017/1.4.17/c/fashion/index is not loaded! can not find module in path : https://g.alicdn.com/kg/??home-2017/1.4.17/common/inject-min.js,home-2017/1.4.17/c/shop/index-min.js,home-2017/1.4.17/c/sale/index-min.js,home-2017/1.4.17/c/live/index-min.js,home-2017/1.4.17/c/hotsale/index-min.js,home-2017/1.4.17/c/helper/index-min.js,home-2017/1.4.17/c/goods/index-min.js,home-2017/1.4.17/c/shopping/index-min.js,home-2017/1.4.17/c/qiang/index-min.js,home-2017/1.4.17/c/fashion/index-min.js,home-2017/1.4.17/c/quality/index-min.js,home-2017/1.4.17/c/afford/index-min.js

  phantomjs://platform/console++.js:263 in error
[ERROR - 2019-10-18T13:52:32.771Z] Session [7b9051d0-f1ae-11e9-9427-81d09031054f] - page.onError - stack:
  (anonymous function) (https://g.alicdn.com/??kissy/k/6.2.4/seed-min.js,kg/global-util/1.0.7/index-min.js,tb/tracker/4.3.12/index.js,kg/tb-nav/2.5.8/index-min.js,secdev/sufei_data/3.3.5/index.js:5)

  phantomjs://platform/console++.js:263 in error
[ERROR - 2019-10-18T13:52:32.771Z] Session [7b9051d0-f1ae-11e9-9427-81d09031054f] - page.onError - msg: kg/home-2017/1.4.17/c/quality/index is not loaded! can not find module in path : https://g.alicdn.com/kg/??home-2017/1.4.17/common/inject-min.js,home-2017/1.4.17/c/shop/index-min.js,home-2017/1.4.17/c/sale/index-min.js,home-2017/1.4.17/c/live/index-min.js,home-2017/1.4.17/c/hotsale/index-min.js,home-2017/1.4.17/c/helper/index-min.js,home-2017/1.4.17/c/goods/index-min.js,home-2017/1.4.17/c/shopping/index-min.js,home-2017/1.4.17/c/qiang/index-min.js,home-2017/1.4.17/c/fashion/index-min.js,home-2017/1.4.17/c/quality/index-min.js,home-2017/1.4.17/c/afford/index-min.js

  phantomjs://platform/console++.js:263 in error
[ERROR - 2019-10-18T13:52:32.771Z] Session [7b9051d0-f1ae-11e9-9427-81d09031054f] - page.onError - stack:
  (anonymous function) (https://g.alicdn.com/??kissy/k/6.2.4/seed-min.js,kg/global-util/1.0.7/index-min.js,tb/tracker/4.3.12/index.js,kg/tb-nav/2.5.8/index-min.js,secdev/sufei_data/3.3.5/index.js:5)

  phantomjs://platform/console++.js:263 in error
[ERROR - 2019-10-18T13:52:32.771Z] Session [7b9051d0-f1ae-11e9-9427-81d09031054f] - page.onError - msg: kg/home-2017/1.4.17/c/afford/index is not loaded! can not find module in path : https://g.alicdn.com/kg/??home-2017/1.4.17/common/inject-min.js,home-2017/1.4.17/c/shop/index-min.js,home-2017/1.4.17/c/sale/index-min.js,home-2017/1.4.17/c/live/index-min.js,home-2017/1.4.17/c/hotsale/index-min.js,home-2017/1.4.17/c/helper/index-min.js,home-2017/1.4.17/c/goods/index-min.js,home-2017/1.4.17/c/shopping/index-min.js,home-2017/1.4.17/c/qiang/index-min.js,home-2017/1.4.17/c/fashion/index-min.js,home-2017/1.4.17/c/quality/index-min.js,home-2017/1.4.17/c/afford/index-min.js

  phantomjs://platform/console++.js:263 in error
[ERROR - 2019-10-18T13:52:32.771Z] Session [7b9051d0-f1ae-11e9-9427-81d09031054f] - page.onError - stack:
  (anonymous function) (https://g.alicdn.com/??kissy/k/6.2.4/seed-min.js,kg/global-util/1.0.7/index-min.js,tb/tracker/4.3.12/index.js,kg/tb-nav/2.5.8/index-min.js,secdev/sufei_data/3.3.5/index.js:5)

  phantomjs://platform/console++.js:263 in error
[ERROR - 2019-10-18T13:52:32.771Z] Session [7b9051d0-f1ae-11e9-9427-81d09031054f] - page.onError - msg: kg/combobox/6.2.7/index is not loaded! can not find module in path : https://g.alicdn.com/kg/??combobox/6.2.7/index-min.js,search-suggest/6.3.1/mods/local-query-min.js,search-suggest/6.3.1/mods/menu-min.js,search-suggest/6.3.1/tpl/cloud-min.js,search-suggest/6.3.1/mods/bts-min.js,uploader/6.2.13/index-min.js,uploader/6.2.13/plugins/auth/auth-min.js,uploader/6.2.13/plugins/filedrop/filedrop-min.js,search-suggest/6.3.1/mods/stat-min.js,uploader/6.2.13/theme-min.js

  phantomjs://platform/console++.js:263 in error
[ERROR - 2019-10-18T13:52:32.771Z] Session [7b9051d0-f1ae-11e9-9427-81d09031054f] - page.onError - stack:
  (anonymous function) (https://g.alicdn.com/??kissy/k/6.2.4/seed-min.js,kg/global-util/1.0.7/index-min.js,tb/tracker/4.3.12/index.js,kg/tb-nav/2.5.8/index-min.js,secdev/sufei_data/3.3.5/index.js:5)

  phantomjs://platform/console++.js:263 in error
[ERROR - 2019-10-18T13:52:32.771Z] Session [7b9051d0-f1ae-11e9-9427-81d09031054f] - page.onError - msg: kg/search-suggest/6.3.1/mods/local-query is not loaded! can not find module in path : https://g.alicdn.com/kg/??combobox/6.2.7/index-min.js,search-suggest/6.3.1/mods/local-query-min.js,search-suggest/6.3.1/mods/menu-min.js,search-suggest/6.3.1/tpl/cloud-min.js,search-suggest/6.3.1/mods/bts-min.js,uploader/6.2.13/index-min.js,uploader/6.2.13/plugins/auth/auth-min.js,uploader/6.2.13/plugins/filedrop/filedrop-min.js,search-suggest/6.3.1/mods/stat-min.js,uploader/6.2.13/theme-min.js

  phantomjs://platform/console++.js:263 in error
[ERROR - 2019-10-18T13:52:32.771Z] Session [7b9051d0-f1ae-11e9-9427-81d09031054f] - page.onError - stack:
  (anonymous function) (https://g.alicdn.com/??kissy/k/6.2.4/seed-min.js,kg/global-util/1.0.7/index-min.js,tb/tracker/4.3.12/index.js,kg/tb-nav/2.5.8/index-min.js,secdev/sufei_data/3.3.5/index.js:5)

  phantomjs://platform/console++.js:263 in error
[ERROR - 2019-10-18T13:52:32.772Z] Session [7b9051d0-f1ae-11e9-9427-81d09031054f] - page.onError - msg: kg/search-suggest/6.3.1/mods/menu is not loaded! can not find module in path : https://g.alicdn.com/kg/??combobox/6.2.7/index-min.js,search-suggest/6.3.1/mods/local-query-min.js,search-suggest/6.3.1/mods/menu-min.js,search-suggest/6.3.1/tpl/cloud-min.js,search-suggest/6.3.1/mods/bts-min.js,uploader/6.2.13/index-min.js,uploader/6.2.13/plugins/auth/auth-min.js,uploader/6.2.13/plugins/filedrop/filedrop-min.js,search-suggest/6.3.1/mods/stat-min.js,uploader/6.2.13/theme-min.js

  phantomjs://platform/console++.js:263 in error
[ERROR - 2019-10-18T13:52:32.772Z] Session [7b9051d0-f1ae-11e9-9427-81d09031054f] - page.onError - stack:
  (anonymous function) (https://g.alicdn.com/??kissy/k/6.2.4/seed-min.js,kg/global-util/1.0.7/index-min.js,tb/tracker/4.3.12/index.js,kg/tb-nav/2.5.8/index-min.js,secdev/sufei_data/3.3.5/index.js:5)

  phantomjs://platform/console++.js:263 in error
[ERROR - 2019-10-18T13:52:32.772Z] Session [7b9051d0-f1ae-11e9-9427-81d09031054f] - page.onError - msg: kg/search-suggest/6.3.1/tpl/cloud is not loaded! can not find module in path : https://g.alicdn.com/kg/??combobox/6.2.7/index-min.js,search-suggest/6.3.1/mods/local-query-min.js,search-suggest/6.3.1/mods/menu-min.js,search-suggest/6.3.1/tpl/cloud-min.js,search-suggest/6.3.1/mods/bts-min.js,uploader/6.2.13/index-min.js,uploader/6.2.13/plugins/auth/auth-min.js,uploader/6.2.13/plugins/filedrop/filedrop-min.js,search-suggest/6.3.1/mods/stat-min.js,uploader/6.2.13/theme-min.js

  phantomjs://platform/console++.js:263 in error
[ERROR - 2019-10-18T13:52:32.772Z] Session [7b9051d0-f1ae-11e9-9427-81d09031054f] - page.onError - stack:
  (anonymous function) (https://g.alicdn.com/??kissy/k/6.2.4/seed-min.js,kg/global-util/1.0.7/index-min.js,tb/tracker/4.3.12/index.js,kg/tb-nav/2.5.8/index-min.js,secdev/sufei_data/3.3.5/index.js:5)

  phantomjs://platform/console++.js:263 in error
[ERROR - 2019-10-18T13:52:32.772Z] Session [7b9051d0-f1ae-11e9-9427-81d09031054f] - page.onError - msg: kg/search-suggest/6.3.1/mods/bts is not loaded! can not find module in path : https://g.alicdn.com/kg/??combobox/6.2.7/index-min.js,search-suggest/6.3.1/mods/local-query-min.js,search-suggest/6.3.1/mods/menu-min.js,search-suggest/6.3.1/tpl/cloud-min.js,search-suggest/6.3.1/mods/bts-min.js,uploader/6.2.13/index-min.js,uploader/6.2.13/plugins/auth/auth-min.js,uploader/6.2.13/plugins/filedrop/filedrop-min.js,search-suggest/6.3.1/mods/stat-min.js,uploader/6.2.13/theme-min.js

  phantomjs://platform/console++.js:263 in error
[ERROR - 2019-10-18T13:52:32.772Z] Session [7b9051d0-f1ae-11e9-9427-81d09031054f] - page.onError - stack:
  (anonymous function) (https://g.alicdn.com/??kissy/k/6.2.4/seed-min.js,kg/global-util/1.0.7/index-min.js,tb/tracker/4.3.12/index.js,kg/tb-nav/2.5.8/index-min.js,secdev/sufei_data/3.3.5/index.js:5)

  phantomjs://platform/console++.js:263 in error
[ERROR - 2019-10-18T13:52:32.772Z] Session [7b9051d0-f1ae-11e9-9427-81d09031054f] - page.onError - msg: kg/uploader/6.2.13/index is not loaded! can not find module in path : https://g.alicdn.com/kg/??combobox/6.2.7/index-min.js,search-suggest/6.3.1/mods/local-query-min.js,search-suggest/6.3.1/mods/menu-min.js,search-suggest/6.3.1/tpl/cloud-min.js,search-suggest/6.3.1/mods/bts-min.js,uploader/6.2.13/index-min.js,uploader/6.2.13/plugins/auth/auth-min.js,uploader/6.2.13/plugins/filedrop/filedrop-min.js,search-suggest/6.3.1/mods/stat-min.js,uploader/6.2.13/theme-min.js

  phantomjs://platform/console++.js:263 in error
[ERROR - 2019-10-18T13:52:32.772Z] Session [7b9051d0-f1ae-11e9-9427-81d09031054f] - page.onError - stack:
  (anonymous function) (https://g.alicdn.com/??kissy/k/6.2.4/seed-min.js,kg/global-util/1.0.7/index-min.js,tb/tracker/4.3.12/index.js,kg/tb-nav/2.5.8/index-min.js,secdev/sufei_data/3.3.5/index.js:5)

  phantomjs://platform/console++.js:263 in error
[ERROR - 2019-10-18T13:52:32.772Z] Session [7b9051d0-f1ae-11e9-9427-81d09031054f] - page.onError - msg: kg/uploader/6.2.13/plugins/auth/auth is not loaded! can not find module in path : https://g.alicdn.com/kg/??combobox/6.2.7/index-min.js,search-suggest/6.3.1/mods/local-query-min.js,search-suggest/6.3.1/mods/menu-min.js,search-suggest/6.3.1/tpl/cloud-min.js,search-suggest/6.3.1/mods/bts-min.js,uploader/6.2.13/index-min.js,uploader/6.2.13/plugins/auth/auth-min.js,uploader/6.2.13/plugins/filedrop/filedrop-min.js,search-suggest/6.3.1/mods/stat-min.js,uploader/6.2.13/theme-min.js

  phantomjs://platform/console++.js:263 in error
[ERROR - 2019-10-18T13:52:32.772Z] Session [7b9051d0-f1ae-11e9-9427-81d09031054f] - page.onError - stack:
  (anonymous function) (https://g.alicdn.com/??kissy/k/6.2.4/seed-min.js,kg/global-util/1.0.7/index-min.js,tb/tracker/4.3.12/index.js,kg/tb-nav/2.5.8/index-min.js,secdev/sufei_data/3.3.5/index.js:5)

  phantomjs://platform/console++.js:263 in error
[ERROR - 2019-10-18T13:52:32.772Z] Session [7b9051d0-f1ae-11e9-9427-81d09031054f] - page.onError - msg: kg/uploader/6.2.13/plugins/filedrop/filedrop is not loaded! can not find module in path : https://g.alicdn.com/kg/??combobox/6.2.7/index-min.js,search-suggest/6.3.1/mods/local-query-min.js,search-suggest/6.3.1/mods/menu-min.js,search-suggest/6.3.1/tpl/cloud-min.js,search-suggest/6.3.1/mods/bts-min.js,uploader/6.2.13/index-min.js,uploader/6.2.13/plugins/auth/auth-min.js,uploader/6.2.13/plugins/filedrop/filedrop-min.js,search-suggest/6.3.1/mods/stat-min.js,uploader/6.2.13/theme-min.js

  phantomjs://platform/console++.js:263 in error
[ERROR - 2019-10-18T13:52:32.773Z] Session [7b9051d0-f1ae-11e9-9427-81d09031054f] - page.onError - stack:
  (anonymous function) (https://g.alicdn.com/??kissy/k/6.2.4/seed-min.js,kg/global-util/1.0.7/index-min.js,tb/tracker/4.3.12/index.js,kg/tb-nav/2.5.8/index-min.js,secdev/sufei_data/3.3.5/index.js:5)

  phantomjs://platform/console++.js:263 in error
[ERROR - 2019-10-18T13:52:32.773Z] Session [7b9051d0-f1ae-11e9-9427-81d09031054f] - page.onError - msg: kg/search-suggest/6.3.1/mods/stat is not loaded! can not find module in path : https://g.alicdn.com/kg/??combobox/6.2.7/index-min.js,search-suggest/6.3.1/mods/local-query-min.js,search-suggest/6.3.1/mods/menu-min.js,search-suggest/6.3.1/tpl/cloud-min.js,search-suggest/6.3.1/mods/bts-min.js,uploader/6.2.13/index-min.js,uploader/6.2.13/plugins/auth/auth-min.js,uploader/6.2.13/plugins/filedrop/filedrop-min.js,search-suggest/6.3.1/mods/stat-min.js,uploader/6.2.13/theme-min.js

  phantomjs://platform/console++.js:263 in error
[ERROR - 2019-10-18T13:52:32.773Z] Session [7b9051d0-f1ae-11e9-9427-81d09031054f] - page.onError - stack:
  (anonymous function) (https://g.alicdn.com/??kissy/k/6.2.4/seed-min.js,kg/global-util/1.0.7/index-min.js,tb/tracker/4.3.12/index.js,kg/tb-nav/2.5.8/index-min.js,secdev/sufei_data/3.3.5/index.js:5)

  phantomjs://platform/console++.js:263 in error
[ERROR - 2019-10-18T13:52:32.773Z] Session [7b9051d0-f1ae-11e9-9427-81d09031054f] - page.onError - msg: kg/uploader/6.2.13/theme is not loaded! can not find module in path : https://g.alicdn.com/kg/??combobox/6.2.7/index-min.js,search-suggest/6.3.1/mods/local-query-min.js,search-suggest/6.3.1/mods/menu-min.js,search-suggest/6.3.1/tpl/cloud-min.js,search-suggest/6.3.1/mods/bts-min.js,uploader/6.2.13/index-min.js,uploader/6.2.13/plugins/auth/auth-min.js,uploader/6.2.13/plugins/filedrop/filedrop-min.js,search-suggest/6.3.1/mods/stat-min.js,uploader/6.2.13/theme-min.js

  phantomjs://platform/console++.js:263 in error
[ERROR - 2019-10-18T13:52:32.773Z] Session [7b9051d0-f1ae-11e9-9427-81d09031054f] - page.onError - stack:
  (anonymous function) (https://g.alicdn.com/??kissy/k/6.2.4/seed-min.js,kg/global-util/1.0.7/index-min.js,tb/tracker/4.3.12/index.js,kg/tb-nav/2.5.8/index-min.js,secdev/sufei_data/3.3.5/index.js:5)

  phantomjs://platform/console++.js:263 in error
[ERROR - 2019-10-18T13:52:33.474Z] WebElementLocator - _handleLocateCommand - Element(s) NOT Found: GAVE UP. Search Stop Time: 1571406753440

  phantomjs://platform/console++.js:263 in error
[ERROR - 2019-10-18T13:52:34.378Z] WebElementLocator - _handleLocateCommand - Element(s) NOT Found: GAVE UP. Search Stop Time: 1571406754320

  phantomjs://platform/console++.js:263 in error
[ERROR - 2019-10-18T13:52:35.282Z] WebElementLocator - _handleLocateCommand - Element(s) NOT Found: GAVE UP. Search Stop Time: 1571406755237

  phantomjs://platform/console++.js:263 in error
[ERROR - 2019-10-18T13:52:36.208Z] WebElementLocator - _handleLocateCommand - Element(s) NOT Found: GAVE UP. Search Stop Time: 1571406756155

  phantomjs://platform/console++.js:263 in error
[ERROR - 2019-10-18T13:52:37.128Z] WebElementLocator - _handleLocateCommand - Element(s) NOT Found: GAVE UP. Search Stop Time: 1571406757078

  phantomjs://platform/console++.js:263 in error
[ERROR - 2019-10-18T13:52:38.040Z] WebElementLocator - _handleLocateCommand - Element(s) NOT Found: GAVE UP. Search Stop Time: 1571406757995

  phantomjs://platform/console++.js:263 in error
[ERROR - 2019-10-18T13:52:38.976Z] WebElementLocator - _handleLocateCommand - Element(s) NOT Found: GAVE UP. Search Stop Time: 1571406758929

  phantomjs://platform/console++.js:263 in error
[ERROR - 2019-10-18T13:52:39.854Z] WebElementLocator - _handleLocateCommand - Element(s) NOT Found: GAVE UP. Search Stop Time: 1571406759843

  phantomjs://platform/console++.js:263 in error
[ERROR - 2019-10-18T13:52:40.768Z] WebElementLocator - _handleLocateCommand - Element(s) NOT Found: GAVE UP. Search Stop Time: 1571406760714

  phantomjs://platform/console++.js:263 in error
[ERROR - 2019-10-18T13:52:41.714Z] WebElementLocator - _handleLocateCommand - Element(s) NOT Found: GAVE UP. Search Stop Time: 1571406761674

  phantomjs://platform/console++.js:263 in error
